[2024-01-27 21:03:04,266] INFO [ControllerEventThread controllerId=0] Starting (kafka.controller.ControllerEventManager$ControllerEventThread)
[2024-01-27 21:03:04,313] INFO [Controller id=0] 0 successfully elected as the controller. Epoch incremented to 1 and epoch zk version is now 1 (kafka.controller.KafkaController)
[2024-01-27 21:03:04,324] INFO [Controller id=0] Creating FeatureZNode at path: /feature with contents: FeatureZNode(2,Enabled,Map()) (kafka.controller.KafkaController)
[2024-01-27 21:03:04,385] INFO [Controller id=0] Registering handlers (kafka.controller.KafkaController)
[2024-01-27 21:03:04,399] INFO [Controller id=0] Deleting log dir event notifications (kafka.controller.KafkaController)
[2024-01-27 21:03:04,412] INFO [Controller id=0] Deleting isr change notifications (kafka.controller.KafkaController)
[2024-01-27 21:03:04,416] INFO [Controller id=0] Initializing controller context (kafka.controller.KafkaController)
[2024-01-27 21:03:04,458] INFO [Controller id=0] Initialized broker epochs cache: Map(0 -> 25) (kafka.controller.KafkaController)
[2024-01-27 21:03:04,466] DEBUG [Controller id=0] Register BrokerModifications handler for Set(0) (kafka.controller.KafkaController)
[2024-01-27 21:03:04,474] DEBUG [Channel manager on controller 0]: Controller 0 trying to connect to broker 0 (kafka.controller.ControllerChannelManager)
[2024-01-27 21:03:04,482] INFO [RequestSendThread controllerId=0] Starting (kafka.controller.RequestSendThread)
[2024-01-27 21:03:04,482] INFO [Controller id=0] Currently active brokers in the cluster: Set(0) (kafka.controller.KafkaController)
[2024-01-27 21:03:04,482] INFO [Controller id=0] Currently shutting brokers in the cluster: Set() (kafka.controller.KafkaController)
[2024-01-27 21:03:04,483] INFO [Controller id=0] Current list of topics in the cluster: Set() (kafka.controller.KafkaController)
[2024-01-27 21:03:04,483] INFO [Controller id=0] Fetching topic deletions in progress (kafka.controller.KafkaController)
[2024-01-27 21:03:04,487] INFO [Controller id=0] List of topics to be deleted:  (kafka.controller.KafkaController)
[2024-01-27 21:03:04,488] INFO [Controller id=0] List of topics ineligible for deletion:  (kafka.controller.KafkaController)
[2024-01-27 21:03:04,490] INFO [Controller id=0] Initializing topic deletion manager (kafka.controller.KafkaController)
[2024-01-27 21:03:04,492] INFO [Topic Deletion Manager 0] Initializing manager with initial deletions: Set(), initial ineligible deletions: Set() (kafka.controller.TopicDeletionManager)
[2024-01-27 21:03:04,493] INFO [Controller id=0] Sending update metadata request (kafka.controller.KafkaController)
[2024-01-27 21:03:04,508] INFO [ReplicaStateMachine controllerId=0] Initializing replica state (kafka.controller.ZkReplicaStateMachine)
[2024-01-27 21:03:04,508] INFO [ReplicaStateMachine controllerId=0] Triggering online replica state changes (kafka.controller.ZkReplicaStateMachine)
[2024-01-27 21:03:04,512] INFO [ReplicaStateMachine controllerId=0] Triggering offline replica state changes (kafka.controller.ZkReplicaStateMachine)
[2024-01-27 21:03:04,512] DEBUG [ReplicaStateMachine controllerId=0] Started replica state machine with initial state -> Map() (kafka.controller.ZkReplicaStateMachine)
[2024-01-27 21:03:04,513] INFO [PartitionStateMachine controllerId=0] Initializing partition state (kafka.controller.ZkPartitionStateMachine)
[2024-01-27 21:03:04,514] INFO [PartitionStateMachine controllerId=0] Triggering online partition state changes (kafka.controller.ZkPartitionStateMachine)
[2024-01-27 21:03:04,518] DEBUG [PartitionStateMachine controllerId=0] Started partition state machine with initial state -> Map() (kafka.controller.ZkPartitionStateMachine)
[2024-01-27 21:03:04,518] INFO [Controller id=0] Ready to serve as the new controller with epoch 1 (kafka.controller.KafkaController)
[2024-01-27 21:03:04,525] INFO [Controller id=0] Partitions undergoing preferred replica election:  (kafka.controller.KafkaController)
[2024-01-27 21:03:04,525] INFO [Controller id=0] Partitions that completed preferred replica election:  (kafka.controller.KafkaController)
[2024-01-27 21:03:04,526] INFO [Controller id=0] Skipping preferred replica election for partitions due to topic deletion:  (kafka.controller.KafkaController)
[2024-01-27 21:03:04,526] INFO [Controller id=0] Resuming preferred replica election for partitions:  (kafka.controller.KafkaController)
[2024-01-27 21:03:04,527] INFO [Controller id=0] Starting replica leader election (PREFERRED) for partitions  triggered by ZkTriggered (kafka.controller.KafkaController)
[2024-01-27 21:03:04,545] INFO [Controller id=0] Starting the controller scheduler (kafka.controller.KafkaController)
[2024-01-27 21:03:05,025] INFO [RequestSendThread controllerId=0] Controller 0 connected to DESKTOP-HBP3FBR:9092 (id: 0 rack: null) for sending state change requests (kafka.controller.RequestSendThread)
[2024-01-27 21:03:09,550] INFO [Controller id=0] Processing automatic preferred replica leader election (kafka.controller.KafkaController)
[2024-01-27 21:03:09,550] TRACE [Controller id=0] Checking need to trigger auto leader balancing (kafka.controller.KafkaController)
[2024-01-27 21:09:39,165] INFO [ControllerEventThread controllerId=0] Starting (kafka.controller.ControllerEventManager$ControllerEventThread)
[2024-01-27 21:09:39,207] INFO [Controller id=0] 0 successfully elected as the controller. Epoch incremented to 1 and epoch zk version is now 1 (kafka.controller.KafkaController)
[2024-01-27 21:09:39,215] INFO [Controller id=0] Creating FeatureZNode at path: /feature with contents: FeatureZNode(2,Enabled,Map()) (kafka.controller.KafkaController)
[2024-01-27 21:09:39,270] INFO [Controller id=0] Registering handlers (kafka.controller.KafkaController)
[2024-01-27 21:09:39,275] INFO [Controller id=0] Deleting log dir event notifications (kafka.controller.KafkaController)
[2024-01-27 21:09:39,280] INFO [Controller id=0] Deleting isr change notifications (kafka.controller.KafkaController)
[2024-01-27 21:09:39,284] INFO [Controller id=0] Initializing controller context (kafka.controller.KafkaController)
[2024-01-27 21:09:39,317] INFO [Controller id=0] Initialized broker epochs cache: Map(0 -> 25) (kafka.controller.KafkaController)
[2024-01-27 21:09:39,328] DEBUG [Controller id=0] Register BrokerModifications handler for Set(0) (kafka.controller.KafkaController)
[2024-01-27 21:09:39,334] DEBUG [Channel manager on controller 0]: Controller 0 trying to connect to broker 0 (kafka.controller.ControllerChannelManager)
[2024-01-27 21:09:39,344] INFO [RequestSendThread controllerId=0] Starting (kafka.controller.RequestSendThread)
[2024-01-27 21:09:39,344] INFO [Controller id=0] Currently active brokers in the cluster: Set(0) (kafka.controller.KafkaController)
[2024-01-27 21:09:39,344] INFO [Controller id=0] Currently shutting brokers in the cluster: Set() (kafka.controller.KafkaController)
[2024-01-27 21:09:39,344] INFO [Controller id=0] Current list of topics in the cluster: Set() (kafka.controller.KafkaController)
[2024-01-27 21:09:39,345] INFO [Controller id=0] Fetching topic deletions in progress (kafka.controller.KafkaController)
[2024-01-27 21:09:39,348] INFO [Controller id=0] List of topics to be deleted:  (kafka.controller.KafkaController)
[2024-01-27 21:09:39,348] INFO [Controller id=0] List of topics ineligible for deletion:  (kafka.controller.KafkaController)
[2024-01-27 21:09:39,348] INFO [Controller id=0] Initializing topic deletion manager (kafka.controller.KafkaController)
[2024-01-27 21:09:39,349] INFO [Topic Deletion Manager 0] Initializing manager with initial deletions: Set(), initial ineligible deletions: Set() (kafka.controller.TopicDeletionManager)
[2024-01-27 21:09:39,350] INFO [Controller id=0] Sending update metadata request (kafka.controller.KafkaController)
[2024-01-27 21:09:39,368] INFO [ReplicaStateMachine controllerId=0] Initializing replica state (kafka.controller.ZkReplicaStateMachine)
[2024-01-27 21:09:39,368] INFO [ReplicaStateMachine controllerId=0] Triggering online replica state changes (kafka.controller.ZkReplicaStateMachine)
[2024-01-27 21:09:39,377] INFO [ReplicaStateMachine controllerId=0] Triggering offline replica state changes (kafka.controller.ZkReplicaStateMachine)
[2024-01-27 21:09:39,378] DEBUG [ReplicaStateMachine controllerId=0] Started replica state machine with initial state -> Map() (kafka.controller.ZkReplicaStateMachine)
[2024-01-27 21:09:39,378] INFO [PartitionStateMachine controllerId=0] Initializing partition state (kafka.controller.ZkPartitionStateMachine)
[2024-01-27 21:09:39,379] INFO [PartitionStateMachine controllerId=0] Triggering online partition state changes (kafka.controller.ZkPartitionStateMachine)
[2024-01-27 21:09:39,382] DEBUG [PartitionStateMachine controllerId=0] Started partition state machine with initial state -> Map() (kafka.controller.ZkPartitionStateMachine)
[2024-01-27 21:09:39,383] INFO [Controller id=0] Ready to serve as the new controller with epoch 1 (kafka.controller.KafkaController)
[2024-01-27 21:09:39,390] INFO [Controller id=0] Partitions undergoing preferred replica election:  (kafka.controller.KafkaController)
[2024-01-27 21:09:39,391] INFO [Controller id=0] Partitions that completed preferred replica election:  (kafka.controller.KafkaController)
[2024-01-27 21:09:39,391] INFO [Controller id=0] Skipping preferred replica election for partitions due to topic deletion:  (kafka.controller.KafkaController)
[2024-01-27 21:09:39,392] INFO [Controller id=0] Resuming preferred replica election for partitions:  (kafka.controller.KafkaController)
[2024-01-27 21:09:39,393] INFO [Controller id=0] Starting replica leader election (PREFERRED) for partitions  triggered by ZkTriggered (kafka.controller.KafkaController)
[2024-01-27 21:09:39,410] INFO [Controller id=0] Starting the controller scheduler (kafka.controller.KafkaController)
[2024-01-27 21:09:39,876] INFO [RequestSendThread controllerId=0] Controller 0 connected to DESKTOP-HBP3FBR:9092 (id: 0 rack: null) for sending state change requests (kafka.controller.RequestSendThread)
[2024-01-27 21:09:44,425] INFO [Controller id=0] Processing automatic preferred replica leader election (kafka.controller.KafkaController)
[2024-01-27 21:09:44,426] TRACE [Controller id=0] Checking need to trigger auto leader balancing (kafka.controller.KafkaController)
[2024-01-27 21:14:44,438] INFO [Controller id=0] Processing automatic preferred replica leader election (kafka.controller.KafkaController)
[2024-01-27 21:14:44,438] TRACE [Controller id=0] Checking need to trigger auto leader balancing (kafka.controller.KafkaController)
[2024-01-27 21:19:44,444] INFO [Controller id=0] Processing automatic preferred replica leader election (kafka.controller.KafkaController)
[2024-01-27 21:19:44,444] TRACE [Controller id=0] Checking need to trigger auto leader balancing (kafka.controller.KafkaController)
[2024-01-27 21:24:12,436] INFO [ControllerEventThread controllerId=0] Starting (kafka.controller.ControllerEventManager$ControllerEventThread)
[2024-01-27 21:24:12,468] INFO [Controller id=0] 0 successfully elected as the controller. Epoch incremented to 2 and epoch zk version is now 2 (kafka.controller.KafkaController)
[2024-01-27 21:24:12,470] INFO [Controller id=0] Registering handlers (kafka.controller.KafkaController)
[2024-01-27 21:24:12,476] INFO [Controller id=0] Deleting log dir event notifications (kafka.controller.KafkaController)
[2024-01-27 21:24:12,479] INFO [Controller id=0] Deleting isr change notifications (kafka.controller.KafkaController)
[2024-01-27 21:24:12,483] INFO [Controller id=0] Initializing controller context (kafka.controller.KafkaController)
[2024-01-27 21:24:12,508] INFO [Controller id=0] Initialized broker epochs cache: Map(0 -> 46) (kafka.controller.KafkaController)
[2024-01-27 21:24:12,518] DEBUG [Controller id=0] Register BrokerModifications handler for Set(0) (kafka.controller.KafkaController)
[2024-01-27 21:24:12,535] DEBUG [Channel manager on controller 0]: Controller 0 trying to connect to broker 0 (kafka.controller.ControllerChannelManager)
[2024-01-27 21:24:12,547] INFO [RequestSendThread controllerId=0] Starting (kafka.controller.RequestSendThread)
[2024-01-27 21:24:12,547] INFO [Controller id=0] Currently active brokers in the cluster: Set(0) (kafka.controller.KafkaController)
[2024-01-27 21:24:12,547] INFO [Controller id=0] Currently shutting brokers in the cluster: Set() (kafka.controller.KafkaController)
[2024-01-27 21:24:12,547] INFO [Controller id=0] Current list of topics in the cluster: Set() (kafka.controller.KafkaController)
[2024-01-27 21:24:12,547] INFO [Controller id=0] Fetching topic deletions in progress (kafka.controller.KafkaController)
[2024-01-27 21:24:12,550] INFO [Controller id=0] List of topics to be deleted:  (kafka.controller.KafkaController)
[2024-01-27 21:24:12,551] INFO [Controller id=0] List of topics ineligible for deletion:  (kafka.controller.KafkaController)
[2024-01-27 21:24:12,551] INFO [Controller id=0] Initializing topic deletion manager (kafka.controller.KafkaController)
[2024-01-27 21:24:12,551] INFO [Topic Deletion Manager 0] Initializing manager with initial deletions: Set(), initial ineligible deletions: Set() (kafka.controller.TopicDeletionManager)
[2024-01-27 21:24:12,552] INFO [Controller id=0] Sending update metadata request (kafka.controller.KafkaController)
[2024-01-27 21:24:12,571] INFO [ReplicaStateMachine controllerId=0] Initializing replica state (kafka.controller.ZkReplicaStateMachine)
[2024-01-27 21:24:12,572] INFO [ReplicaStateMachine controllerId=0] Triggering online replica state changes (kafka.controller.ZkReplicaStateMachine)
[2024-01-27 21:24:12,576] INFO [ReplicaStateMachine controllerId=0] Triggering offline replica state changes (kafka.controller.ZkReplicaStateMachine)
[2024-01-27 21:24:12,576] DEBUG [ReplicaStateMachine controllerId=0] Started replica state machine with initial state -> Map() (kafka.controller.ZkReplicaStateMachine)
[2024-01-27 21:24:12,577] INFO [PartitionStateMachine controllerId=0] Initializing partition state (kafka.controller.ZkPartitionStateMachine)
[2024-01-27 21:24:12,578] INFO [PartitionStateMachine controllerId=0] Triggering online partition state changes (kafka.controller.ZkPartitionStateMachine)
[2024-01-27 21:24:12,581] DEBUG [PartitionStateMachine controllerId=0] Started partition state machine with initial state -> Map() (kafka.controller.ZkPartitionStateMachine)
[2024-01-27 21:24:12,581] INFO [Controller id=0] Ready to serve as the new controller with epoch 2 (kafka.controller.KafkaController)
[2024-01-27 21:24:12,589] INFO [Controller id=0] Partitions undergoing preferred replica election:  (kafka.controller.KafkaController)
[2024-01-27 21:24:12,590] INFO [Controller id=0] Partitions that completed preferred replica election:  (kafka.controller.KafkaController)
[2024-01-27 21:24:12,590] INFO [Controller id=0] Skipping preferred replica election for partitions due to topic deletion:  (kafka.controller.KafkaController)
[2024-01-27 21:24:12,590] INFO [Controller id=0] Resuming preferred replica election for partitions:  (kafka.controller.KafkaController)
[2024-01-27 21:24:12,591] INFO [Controller id=0] Starting replica leader election (PREFERRED) for partitions  triggered by ZkTriggered (kafka.controller.KafkaController)
[2024-01-27 21:24:12,608] INFO [Controller id=0] Starting the controller scheduler (kafka.controller.KafkaController)
[2024-01-27 21:24:13,090] INFO [RequestSendThread controllerId=0] Controller 0 connected to DESKTOP-HBP3FBR:9092 (id: 0 rack: null) for sending state change requests (kafka.controller.RequestSendThread)
[2024-01-27 21:24:17,617] INFO [Controller id=0] Processing automatic preferred replica leader election (kafka.controller.KafkaController)
[2024-01-27 21:24:17,618] TRACE [Controller id=0] Checking need to trigger auto leader balancing (kafka.controller.KafkaController)
[2024-01-27 21:29:17,634] INFO [Controller id=0] Processing automatic preferred replica leader election (kafka.controller.KafkaController)
[2024-01-27 21:29:17,635] TRACE [Controller id=0] Checking need to trigger auto leader balancing (kafka.controller.KafkaController)
